[0.012s] Invoking command in '/home/yuan/Desktop/Apriltag_LaserLine_ROS2/build/Laser_Stop': CMAKE_PREFIX_PATH=/opt/ros/humble /usr/bin/cmake /home/yuan/Desktop/Apriltag_LaserLine_ROS2/src/Laser_Stop -DCMAKE_INSTALL_PREFIX=/home/yuan/Desktop/Apriltag_LaserLine_ROS2/install/Laser_Stop
[0.089s] -- The C compiler identification is GNU 11.4.0
[0.147s] -- The CXX compiler identification is GNU 11.4.0
[0.156s] -- Detecting C compiler ABI info
[0.233s] -- Detecting C compiler ABI info - done
[0.239s] -- Check for working C compiler: /usr/bin/cc - skipped
[0.240s] -- Detecting C compile features
[0.240s] -- Detecting C compile features - done
[0.243s] -- Detecting CXX compiler ABI info
[0.329s] -- Detecting CXX compiler ABI info - done
[0.336s] -- Check for working CXX compiler: /usr/bin/c++ - skipped
[0.336s] -- Detecting CXX compile features
[0.336s] -- Detecting CXX compile features - done
[0.339s] -- Found ament_cmake: 1.3.11 (/opt/ros/humble/share/ament_cmake/cmake)
[0.477s] -- Found Python3: /usr/bin/python3 (found version "3.10.12") found components: Interpreter 
[0.566s] -- Found rclcpp: 16.0.11 (/opt/ros/humble/share/rclcpp/cmake)
[0.619s] -- Found rosidl_generator_c: 3.1.6 (/opt/ros/humble/share/rosidl_generator_c/cmake)
[0.634s] -- Found rosidl_adapter: 3.1.6 (/opt/ros/humble/share/rosidl_adapter/cmake)
[0.654s] -- Found rosidl_generator_cpp: 3.1.6 (/opt/ros/humble/share/rosidl_generator_cpp/cmake)
[0.681s] -- Using all available rosidl_typesupport_c: rosidl_typesupport_fastrtps_c;rosidl_typesupport_introspection_c
[0.713s] -- Using all available rosidl_typesupport_cpp: rosidl_typesupport_fastrtps_cpp;rosidl_typesupport_introspection_cpp
[0.795s] -- Found rmw_implementation_cmake: 6.1.2 (/opt/ros/humble/share/rmw_implementation_cmake/cmake)
[0.801s] -- Found rmw_fastrtps_cpp: 6.2.7 (/opt/ros/humble/share/rmw_fastrtps_cpp/cmake)
[0.956s] -- Found OpenSSL: /usr/lib/x86_64-linux-gnu/libcrypto.so (found version "3.0.2")  
[0.985s] -- Found FastRTPS: /opt/ros/humble/include  
[1.030s] -- Using RMW implementation 'rmw_fastrtps_cpp' as default
[1.039s] -- Looking for pthread.h
[1.148s] -- Looking for pthread.h - found
[1.149s] -- Performing Test CMAKE_HAVE_LIBC_PTHREAD
[1.240s] -- Performing Test CMAKE_HAVE_LIBC_PTHREAD - Success
[1.242s] -- Found Threads: TRUE  
[1.288s] -- Found sensor_msgs: 4.2.4 (/opt/ros/humble/share/sensor_msgs/cmake)
[1.315s] -- Found ament_lint_auto: 0.12.11 (/opt/ros/humble/share/ament_lint_auto/cmake)
[1.360s] WARNING: Package name "Laser_Stop" does not follow the naming conventions. It should start with a lower case letter and only contain lower case letters, digits, underscores, and dashes.
[1.388s] -- Added test 'cppcheck' to perform static code analysis on C / C++ code
[1.389s] -- Configured cppcheck include dirs: 
[1.389s] -- Configured cppcheck exclude dirs and/or files: 
[1.389s] -- Added test 'lint_cmake' to check CMake code style
[1.390s] -- Added test 'uncrustify' to check C / C++ code style
[1.390s] -- Configured uncrustify additional arguments: 
[1.390s] -- Added test 'xmllint' to check XML markup files
[1.391s] -- Configuring done
[1.400s] -- Generating done
[1.404s] -- Build files have been written to: /home/yuan/Desktop/Apriltag_LaserLine_ROS2/build/Laser_Stop
[1.413s] Invoked command in '/home/yuan/Desktop/Apriltag_LaserLine_ROS2/build/Laser_Stop' returned '0': CMAKE_PREFIX_PATH=/opt/ros/humble /usr/bin/cmake /home/yuan/Desktop/Apriltag_LaserLine_ROS2/src/Laser_Stop -DCMAKE_INSTALL_PREFIX=/home/yuan/Desktop/Apriltag_LaserLine_ROS2/install/Laser_Stop
[1.414s] Invoking command in '/home/yuan/Desktop/Apriltag_LaserLine_ROS2/build/Laser_Stop': CMAKE_PREFIX_PATH=/opt/ros/humble /usr/bin/cmake --build /home/yuan/Desktop/Apriltag_LaserLine_ROS2/build/Laser_Stop -- -j16 -l16
[1.474s] [ 50%] [32mBuilding CXX object CMakeFiles/Laser_Stop.dir/src/laser_stop_node.cpp.o[0m
[8.626s] [100%] [32m[1mLinking CXX executable Laser_Stop[0m
[9.180s] [100%] Built target Laser_Stop
[9.194s] Invoked command in '/home/yuan/Desktop/Apriltag_LaserLine_ROS2/build/Laser_Stop' returned '0': CMAKE_PREFIX_PATH=/opt/ros/humble /usr/bin/cmake --build /home/yuan/Desktop/Apriltag_LaserLine_ROS2/build/Laser_Stop -- -j16 -l16
[9.196s] Invoking command in '/home/yuan/Desktop/Apriltag_LaserLine_ROS2/build/Laser_Stop': CMAKE_PREFIX_PATH=/opt/ros/humble /usr/bin/cmake --install /home/yuan/Desktop/Apriltag_LaserLine_ROS2/build/Laser_Stop
[9.204s] -- Install configuration: ""
[9.204s] -- Installing: /home/yuan/Desktop/Apriltag_LaserLine_ROS2/install/Laser_Stop/lib/Laser_Stop/Laser_Stop
[9.208s] -- Set runtime path of "/home/yuan/Desktop/Apriltag_LaserLine_ROS2/install/Laser_Stop/lib/Laser_Stop/Laser_Stop" to ""
[9.208s] -- Installing: /home/yuan/Desktop/Apriltag_LaserLine_ROS2/install/Laser_Stop/share/ament_index/resource_index/package_run_dependencies/Laser_Stop
[9.208s] -- Installing: /home/yuan/Desktop/Apriltag_LaserLine_ROS2/install/Laser_Stop/share/ament_index/resource_index/parent_prefix_path/Laser_Stop
[9.208s] -- Installing: /home/yuan/Desktop/Apriltag_LaserLine_ROS2/install/Laser_Stop/share/Laser_Stop/environment/ament_prefix_path.sh
[9.208s] -- Installing: /home/yuan/Desktop/Apriltag_LaserLine_ROS2/install/Laser_Stop/share/Laser_Stop/environment/ament_prefix_path.dsv
[9.209s] -- Installing: /home/yuan/Desktop/Apriltag_LaserLine_ROS2/install/Laser_Stop/share/Laser_Stop/environment/path.sh
[9.209s] -- Installing: /home/yuan/Desktop/Apriltag_LaserLine_ROS2/install/Laser_Stop/share/Laser_Stop/environment/path.dsv
[9.209s] -- Installing: /home/yuan/Desktop/Apriltag_LaserLine_ROS2/install/Laser_Stop/share/Laser_Stop/local_setup.bash
[9.209s] -- Installing: /home/yuan/Desktop/Apriltag_LaserLine_ROS2/install/Laser_Stop/share/Laser_Stop/local_setup.sh
[9.209s] -- Installing: /home/yuan/Desktop/Apriltag_LaserLine_ROS2/install/Laser_Stop/share/Laser_Stop/local_setup.zsh
[9.209s] -- Installing: /home/yuan/Desktop/Apriltag_LaserLine_ROS2/install/Laser_Stop/share/Laser_Stop/local_setup.dsv
[9.209s] -- Installing: /home/yuan/Desktop/Apriltag_LaserLine_ROS2/install/Laser_Stop/share/Laser_Stop/package.dsv
[9.210s] -- Installing: /home/yuan/Desktop/Apriltag_LaserLine_ROS2/install/Laser_Stop/share/ament_index/resource_index/packages/Laser_Stop
[9.210s] -- Installing: /home/yuan/Desktop/Apriltag_LaserLine_ROS2/install/Laser_Stop/share/Laser_Stop/cmake/Laser_StopConfig.cmake
[9.210s] -- Installing: /home/yuan/Desktop/Apriltag_LaserLine_ROS2/install/Laser_Stop/share/Laser_Stop/cmake/Laser_StopConfig-version.cmake
[9.210s] -- Installing: /home/yuan/Desktop/Apriltag_LaserLine_ROS2/install/Laser_Stop/share/Laser_Stop/package.xml
[9.212s] Invoked command in '/home/yuan/Desktop/Apriltag_LaserLine_ROS2/build/Laser_Stop' returned '0': CMAKE_PREFIX_PATH=/opt/ros/humble /usr/bin/cmake --install /home/yuan/Desktop/Apriltag_LaserLine_ROS2/build/Laser_Stop
