[0.083s] DEBUG:colcon:Command line arguments: ['/usr/bin/colcon', 'build']
[0.083s] DEBUG:colcon:Parsed command line arguments: Namespace(log_base=None, log_level=None, verb_name='build', build_base='build', install_base='install', merge_install=False, symlink_install=False, test_result_base=None, continue_on_error=False, executor='parallel', parallel_workers=16, event_handlers=None, ignore_user_meta=False, metas=['./colcon.meta'], base_paths=['.'], packages_ignore=None, packages_ignore_regex=None, paths=None, packages_up_to=None, packages_up_to_regex=None, packages_above=None, packages_above_and_dependencies=None, packages_above_depth=None, packages_select_by_dep=None, packages_skip_by_dep=None, packages_skip_up_to=None, packages_select_build_failed=False, packages_skip_build_finished=False, packages_select_test_failures=False, packages_skip_test_passed=False, packages_select=None, packages_skip=None, packages_select_regex=None, packages_skip_regex=None, packages_start=None, packages_end=None, allow_overriding=[], cmake_args=None, cmake_target=None, cmake_target_skip_unavailable=False, cmake_clean_cache=False, cmake_clean_first=False, cmake_force_configure=False, ament_cmake_args=None, catkin_cmake_args=None, catkin_skip_building_tests=False, verb_parser=<colcon_defaults.argument_parser.defaults.DefaultArgumentsDecorator object at 0x70c5ece685e0>, verb_extension=<colcon_core.verb.build.BuildVerb object at 0x70c5ece37fd0>, main=<bound method BuildVerb.main of <colcon_core.verb.build.BuildVerb object at 0x70c5ece37fd0>>)
[0.224s] Level 1:colcon.colcon_core.package_discovery:discover_packages(colcon_meta) check parameters
[0.224s] Level 1:colcon.colcon_core.package_discovery:discover_packages(recursive) check parameters
[0.224s] Level 1:colcon.colcon_core.package_discovery:discover_packages(ignore) check parameters
[0.225s] Level 1:colcon.colcon_core.package_discovery:discover_packages(path) check parameters
[0.225s] Level 1:colcon.colcon_core.package_discovery:discover_packages(colcon_meta) discover
[0.225s] Level 1:colcon.colcon_core.package_discovery:discover_packages(recursive) discover
[0.225s] INFO:colcon.colcon_core.package_discovery:Crawling recursively for packages in '/home/yuan/Desktop/Apriltag_LaserLine_ROS2'
[0.225s] Level 1:colcon.colcon_core.package_identification:_identify(.) by extensions ['ignore', 'ignore_ament_install']
[0.225s] Level 1:colcon.colcon_core.package_identification:_identify(.) by extension 'ignore'
[0.225s] Level 1:colcon.colcon_core.package_identification:_identify(.) by extension 'ignore_ament_install'
[0.225s] Level 1:colcon.colcon_core.package_identification:_identify(.) by extensions ['colcon_pkg']
[0.225s] Level 1:colcon.colcon_core.package_identification:_identify(.) by extension 'colcon_pkg'
[0.225s] Level 1:colcon.colcon_core.package_identification:_identify(.) by extensions ['colcon_meta']
[0.225s] Level 1:colcon.colcon_core.package_identification:_identify(.) by extension 'colcon_meta'
[0.225s] Level 1:colcon.colcon_core.package_identification:_identify(.) by extensions ['ros']
[0.225s] Level 1:colcon.colcon_core.package_identification:_identify(.) by extension 'ros'
[0.233s] Level 1:colcon.colcon_core.package_identification:_identify(.) by extensions ['cmake', 'python']
[0.234s] Level 1:colcon.colcon_core.package_identification:_identify(.) by extension 'cmake'
[0.234s] Level 1:colcon.colcon_core.package_identification:_identify(.) by extension 'python'
[0.234s] Level 1:colcon.colcon_core.package_identification:_identify(.) by extensions ['python_setup_py']
[0.234s] Level 1:colcon.colcon_core.package_identification:_identify(.) by extension 'python_setup_py'
[0.234s] Level 1:colcon.colcon_core.package_identification:_identify(build) by extensions ['ignore', 'ignore_ament_install']
[0.234s] Level 1:colcon.colcon_core.package_identification:_identify(build) by extension 'ignore'
[0.234s] Level 1:colcon.colcon_core.package_identification:_identify(build) ignored
[0.234s] Level 1:colcon.colcon_core.package_identification:_identify(install) by extensions ['ignore', 'ignore_ament_install']
[0.234s] Level 1:colcon.colcon_core.package_identification:_identify(install) by extension 'ignore'
[0.234s] Level 1:colcon.colcon_core.package_identification:_identify(install) ignored
[0.234s] Level 1:colcon.colcon_core.package_identification:_identify(log) by extensions ['ignore', 'ignore_ament_install']
[0.234s] Level 1:colcon.colcon_core.package_identification:_identify(log) by extension 'ignore'
[0.234s] Level 1:colcon.colcon_core.package_identification:_identify(log) ignored
[0.234s] Level 1:colcon.colcon_core.package_identification:_identify(src) by extensions ['ignore', 'ignore_ament_install']
[0.234s] Level 1:colcon.colcon_core.package_identification:_identify(src) by extension 'ignore'
[0.234s] Level 1:colcon.colcon_core.package_identification:_identify(src) by extension 'ignore_ament_install'
[0.234s] Level 1:colcon.colcon_core.package_identification:_identify(src) by extensions ['colcon_pkg']
[0.234s] Level 1:colcon.colcon_core.package_identification:_identify(src) by extension 'colcon_pkg'
[0.234s] Level 1:colcon.colcon_core.package_identification:_identify(src) by extensions ['colcon_meta']
[0.234s] Level 1:colcon.colcon_core.package_identification:_identify(src) by extension 'colcon_meta'
[0.235s] Level 1:colcon.colcon_core.package_identification:_identify(src) by extensions ['ros']
[0.235s] Level 1:colcon.colcon_core.package_identification:_identify(src) by extension 'ros'
[0.235s] Level 1:colcon.colcon_core.package_identification:_identify(src) by extensions ['cmake', 'python']
[0.235s] Level 1:colcon.colcon_core.package_identification:_identify(src) by extension 'cmake'
[0.235s] Level 1:colcon.colcon_core.package_identification:_identify(src) by extension 'python'
[0.235s] Level 1:colcon.colcon_core.package_identification:_identify(src) by extensions ['python_setup_py']
[0.235s] Level 1:colcon.colcon_core.package_identification:_identify(src) by extension 'python_setup_py'
[0.235s] Level 1:colcon.colcon_core.package_identification:_identify(src/AprilTag_USB) by extensions ['ignore', 'ignore_ament_install']
[0.235s] Level 1:colcon.colcon_core.package_identification:_identify(src/AprilTag_USB) by extension 'ignore'
[0.235s] Level 1:colcon.colcon_core.package_identification:_identify(src/AprilTag_USB) by extension 'ignore_ament_install'
[0.235s] Level 1:colcon.colcon_core.package_identification:_identify(src/AprilTag_USB) by extensions ['colcon_pkg']
[0.235s] Level 1:colcon.colcon_core.package_identification:_identify(src/AprilTag_USB) by extension 'colcon_pkg'
[0.235s] Level 1:colcon.colcon_core.package_identification:_identify(src/AprilTag_USB) by extensions ['colcon_meta']
[0.235s] Level 1:colcon.colcon_core.package_identification:_identify(src/AprilTag_USB) by extension 'colcon_meta'
[0.235s] Level 1:colcon.colcon_core.package_identification:_identify(src/AprilTag_USB) by extensions ['ros']
[0.235s] Level 1:colcon.colcon_core.package_identification:_identify(src/AprilTag_USB) by extension 'ros'
[0.235s] Level 1:colcon.colcon_core.package_identification:_identify(src/AprilTag_USB) by extensions ['cmake', 'python']
[0.235s] Level 1:colcon.colcon_core.package_identification:_identify(src/AprilTag_USB) by extension 'cmake'
[0.240s] Level 1:colcon.colcon_core.package_identification:_identify(src/AprilTag_USB) by extension 'python'
[0.240s] DEBUG:colcon.colcon_core.package_identification:Package 'src/AprilTag_USB' with type 'cmake' and name 'AprilTag'
[0.240s] Level 1:colcon.colcon_core.package_identification:_identify(src/Laser_Stop) by extensions ['ignore', 'ignore_ament_install']
[0.240s] Level 1:colcon.colcon_core.package_identification:_identify(src/Laser_Stop) by extension 'ignore'
[0.240s] Level 1:colcon.colcon_core.package_identification:_identify(src/Laser_Stop) by extension 'ignore_ament_install'
[0.240s] Level 1:colcon.colcon_core.package_identification:_identify(src/Laser_Stop) by extensions ['colcon_pkg']
[0.240s] Level 1:colcon.colcon_core.package_identification:_identify(src/Laser_Stop) by extension 'colcon_pkg'
[0.240s] Level 1:colcon.colcon_core.package_identification:_identify(src/Laser_Stop) by extensions ['colcon_meta']
[0.240s] Level 1:colcon.colcon_core.package_identification:_identify(src/Laser_Stop) by extension 'colcon_meta'
[0.241s] Level 1:colcon.colcon_core.package_identification:_identify(src/Laser_Stop) by extensions ['ros']
[0.241s] Level 1:colcon.colcon_core.package_identification:_identify(src/Laser_Stop) by extension 'ros'
[0.243s] DEBUG:colcon.colcon_core.package_identification:Package 'src/Laser_Stop' with type 'ros.ament_cmake' and name 'Laser_Stop'
[0.243s] Level 1:colcon.colcon_core.package_discovery:discover_packages(recursive) using defaults
[0.243s] Level 1:colcon.colcon_core.package_discovery:discover_packages(ignore) discover
[0.243s] Level 1:colcon.colcon_core.package_discovery:discover_packages(ignore) using defaults
[0.243s] Level 1:colcon.colcon_core.package_discovery:discover_packages(path) discover
[0.243s] Level 1:colcon.colcon_core.package_discovery:discover_packages(path) using defaults
[0.271s] Level 1:colcon.colcon_core.package_discovery:discover_packages(prefix_path) check parameters
[0.271s] Level 1:colcon.colcon_core.package_discovery:discover_packages(prefix_path) discover
[0.274s] DEBUG:colcon.colcon_installed_package_information.package_discovery:Found 402 installed packages in /opt/ros/humble
[0.275s] Level 1:colcon.colcon_core.package_discovery:discover_packages(prefix_path) using defaults
[0.313s] Level 5:colcon.colcon_core.verb:set package 'AprilTag' build argument 'cmake_args' from command line to 'None'
[0.313s] Level 5:colcon.colcon_core.verb:set package 'AprilTag' build argument 'cmake_target' from command line to 'None'
[0.313s] Level 5:colcon.colcon_core.verb:set package 'AprilTag' build argument 'cmake_target_skip_unavailable' from command line to 'False'
[0.313s] Level 5:colcon.colcon_core.verb:set package 'AprilTag' build argument 'cmake_clean_cache' from command line to 'False'
[0.313s] Level 5:colcon.colcon_core.verb:set package 'AprilTag' build argument 'cmake_clean_first' from command line to 'False'
[0.313s] Level 5:colcon.colcon_core.verb:set package 'AprilTag' build argument 'cmake_force_configure' from command line to 'False'
[0.313s] Level 5:colcon.colcon_core.verb:set package 'AprilTag' build argument 'ament_cmake_args' from command line to 'None'
[0.313s] Level 5:colcon.colcon_core.verb:set package 'AprilTag' build argument 'catkin_cmake_args' from command line to 'None'
[0.314s] Level 5:colcon.colcon_core.verb:set package 'AprilTag' build argument 'catkin_skip_building_tests' from command line to 'False'
[0.314s] DEBUG:colcon.colcon_core.verb:Building package 'AprilTag' with the following arguments: {'ament_cmake_args': None, 'build_base': '/home/yuan/Desktop/Apriltag_LaserLine_ROS2/build/AprilTag', 'catkin_cmake_args': None, 'catkin_skip_building_tests': False, 'cmake_args': None, 'cmake_clean_cache': False, 'cmake_clean_first': False, 'cmake_force_configure': False, 'cmake_target': None, 'cmake_target_skip_unavailable': False, 'install_base': '/home/yuan/Desktop/Apriltag_LaserLine_ROS2/install/AprilTag', 'merge_install': False, 'path': '/home/yuan/Desktop/Apriltag_LaserLine_ROS2/src/AprilTag_USB', 'symlink_install': False, 'test_result_base': None}
[0.314s] Level 5:colcon.colcon_core.verb:set package 'Laser_Stop' build argument 'cmake_args' from command line to 'None'
[0.314s] Level 5:colcon.colcon_core.verb:set package 'Laser_Stop' build argument 'cmake_target' from command line to 'None'
[0.314s] Level 5:colcon.colcon_core.verb:set package 'Laser_Stop' build argument 'cmake_target_skip_unavailable' from command line to 'False'
[0.314s] Level 5:colcon.colcon_core.verb:set package 'Laser_Stop' build argument 'cmake_clean_cache' from command line to 'False'
[0.314s] Level 5:colcon.colcon_core.verb:set package 'Laser_Stop' build argument 'cmake_clean_first' from command line to 'False'
[0.314s] Level 5:colcon.colcon_core.verb:set package 'Laser_Stop' build argument 'cmake_force_configure' from command line to 'False'
[0.314s] Level 5:colcon.colcon_core.verb:set package 'Laser_Stop' build argument 'ament_cmake_args' from command line to 'None'
[0.314s] Level 5:colcon.colcon_core.verb:set package 'Laser_Stop' build argument 'catkin_cmake_args' from command line to 'None'
[0.314s] Level 5:colcon.colcon_core.verb:set package 'Laser_Stop' build argument 'catkin_skip_building_tests' from command line to 'False'
[0.314s] DEBUG:colcon.colcon_core.verb:Building package 'Laser_Stop' with the following arguments: {'ament_cmake_args': None, 'build_base': '/home/yuan/Desktop/Apriltag_LaserLine_ROS2/build/Laser_Stop', 'catkin_cmake_args': None, 'catkin_skip_building_tests': False, 'cmake_args': None, 'cmake_clean_cache': False, 'cmake_clean_first': False, 'cmake_force_configure': False, 'cmake_target': None, 'cmake_target_skip_unavailable': False, 'install_base': '/home/yuan/Desktop/Apriltag_LaserLine_ROS2/install/Laser_Stop', 'merge_install': False, 'path': '/home/yuan/Desktop/Apriltag_LaserLine_ROS2/src/Laser_Stop', 'symlink_install': False, 'test_result_base': None}
[0.314s] INFO:colcon.colcon_core.executor:Executing jobs using 'parallel' executor
[0.315s] DEBUG:colcon.colcon_parallel_executor.executor.parallel:run_until_complete
[0.315s] INFO:colcon.colcon_cmake.task.cmake.build:Building CMake package in '/home/yuan/Desktop/Apriltag_LaserLine_ROS2/src/AprilTag_USB'
[0.317s] INFO:colcon.colcon_core.plugin_system:Skipping extension 'colcon_core.shell.bat': Not used on non-Windows systems
[0.317s] INFO:colcon.colcon_core.shell:Skip shell extension 'powershell' for command environment: Not usable outside of PowerShell
[0.317s] DEBUG:colcon.colcon_core.shell:Skip shell extension 'dsv' for command environment
[0.320s] INFO:colcon.colcon_ros.task.ament_cmake.build:Building ROS package in '/home/yuan/Desktop/Apriltag_LaserLine_ROS2/src/Laser_Stop' with build type 'ament_cmake'
[0.320s] INFO:colcon.colcon_cmake.task.cmake.build:Building CMake package in '/home/yuan/Desktop/Apriltag_LaserLine_ROS2/src/Laser_Stop'
[0.321s] INFO:colcon.colcon_core.shell:Skip shell extension 'powershell' for command environment: Not usable outside of PowerShell
[0.321s] DEBUG:colcon.colcon_core.shell:Skip shell extension 'dsv' for command environment
[0.328s] DEBUG:colcon.colcon_core.event_handler.log_command:Invoking command in '/home/yuan/Desktop/Apriltag_LaserLine_ROS2/build/AprilTag': /usr/bin/cmake /home/yuan/Desktop/Apriltag_LaserLine_ROS2/src/AprilTag_USB -DCMAKE_INSTALL_PREFIX=/home/yuan/Desktop/Apriltag_LaserLine_ROS2/install/AprilTag
[0.333s] DEBUG:colcon.colcon_core.event_handler.log_command:Invoking command in '/home/yuan/Desktop/Apriltag_LaserLine_ROS2/build/Laser_Stop': CMAKE_PREFIX_PATH=/opt/ros/humble /usr/bin/cmake /home/yuan/Desktop/Apriltag_LaserLine_ROS2/src/Laser_Stop -DCMAKE_INSTALL_PREFIX=/home/yuan/Desktop/Apriltag_LaserLine_ROS2/install/Laser_Stop
[0.865s] DEBUG:colcon.colcon_core.event_handler.log_command:Invoked command in '/home/yuan/Desktop/Apriltag_LaserLine_ROS2/build/AprilTag' returned '0': /usr/bin/cmake /home/yuan/Desktop/Apriltag_LaserLine_ROS2/src/AprilTag_USB -DCMAKE_INSTALL_PREFIX=/home/yuan/Desktop/Apriltag_LaserLine_ROS2/install/AprilTag
[0.865s] DEBUG:colcon.colcon_core.event_handler.log_command:Invoking command in '/home/yuan/Desktop/Apriltag_LaserLine_ROS2/build/AprilTag': /usr/bin/cmake --build /home/yuan/Desktop/Apriltag_LaserLine_ROS2/build/AprilTag -- -j16 -l16
[1.631s] DEBUG:colcon.colcon_core.event_handler.log_command:Invoked command in '/home/yuan/Desktop/Apriltag_LaserLine_ROS2/build/AprilTag' returned '0': /usr/bin/cmake --build /home/yuan/Desktop/Apriltag_LaserLine_ROS2/build/AprilTag -- -j16 -l16
[1.643s] DEBUG:colcon.colcon_core.event_handler.log_command:Invoking command in '/home/yuan/Desktop/Apriltag_LaserLine_ROS2/build/AprilTag': /usr/bin/cmake --install /home/yuan/Desktop/Apriltag_LaserLine_ROS2/build/AprilTag
[1.655s] Level 1:colcon.colcon_core.environment:create_environment_scripts_only(AprilTag)
[1.655s] DEBUG:colcon.colcon_core.event_handler.log_command:Invoked command in '/home/yuan/Desktop/Apriltag_LaserLine_ROS2/build/AprilTag' returned '0': /usr/bin/cmake --install /home/yuan/Desktop/Apriltag_LaserLine_ROS2/build/AprilTag
[1.657s] Level 1:colcon.colcon_core.environment:checking '/home/yuan/Desktop/Apriltag_LaserLine_ROS2/install/AprilTag' for CMake module files
[1.657s] Level 1:colcon.colcon_core.environment:checking '/home/yuan/Desktop/Apriltag_LaserLine_ROS2/install/AprilTag' for CMake config files
[1.658s] Level 1:colcon.colcon_core.environment:checking '/home/yuan/Desktop/Apriltag_LaserLine_ROS2/install/AprilTag/lib'
[1.658s] Level 1:colcon.colcon_core.shell:create_environment_hook('AprilTag', 'ld_library_path_lib')
[1.658s] INFO:colcon.colcon_core.shell:Creating environment hook '/home/yuan/Desktop/Apriltag_LaserLine_ROS2/install/AprilTag/share/AprilTag/hook/ld_library_path_lib.ps1'
[1.659s] INFO:colcon.colcon_core.shell:Creating environment descriptor '/home/yuan/Desktop/Apriltag_LaserLine_ROS2/install/AprilTag/share/AprilTag/hook/ld_library_path_lib.dsv'
[1.659s] INFO:colcon.colcon_core.shell:Creating environment hook '/home/yuan/Desktop/Apriltag_LaserLine_ROS2/install/AprilTag/share/AprilTag/hook/ld_library_path_lib.sh'
[1.659s] Level 1:colcon.colcon_core.environment:checking '/home/yuan/Desktop/Apriltag_LaserLine_ROS2/install/AprilTag/bin'
[1.660s] Level 1:colcon.colcon_core.shell:create_environment_hook('AprilTag', 'path')
[1.660s] INFO:colcon.colcon_core.shell:Creating environment hook '/home/yuan/Desktop/Apriltag_LaserLine_ROS2/install/AprilTag/share/AprilTag/hook/path.ps1'
[1.660s] INFO:colcon.colcon_core.shell:Creating environment descriptor '/home/yuan/Desktop/Apriltag_LaserLine_ROS2/install/AprilTag/share/AprilTag/hook/path.dsv'
[1.660s] INFO:colcon.colcon_core.shell:Creating environment hook '/home/yuan/Desktop/Apriltag_LaserLine_ROS2/install/AprilTag/share/AprilTag/hook/path.sh'
[1.661s] Level 1:colcon.colcon_core.environment:checking '/home/yuan/Desktop/Apriltag_LaserLine_ROS2/install/AprilTag/lib/pkgconfig/AprilTag.pc'
[1.661s] Level 1:colcon.colcon_core.environment:checking '/home/yuan/Desktop/Apriltag_LaserLine_ROS2/install/AprilTag/lib/python3.10/site-packages'
[1.661s] Level 1:colcon.colcon_core.environment:checking '/home/yuan/Desktop/Apriltag_LaserLine_ROS2/install/AprilTag/bin'
[1.661s] Level 1:colcon.colcon_core.shell:create_environment_hook('AprilTag', 'pythonscriptspath')
[1.661s] INFO:colcon.colcon_core.shell:Creating environment hook '/home/yuan/Desktop/Apriltag_LaserLine_ROS2/install/AprilTag/share/AprilTag/hook/pythonscriptspath.ps1'
[1.662s] INFO:colcon.colcon_core.shell:Creating environment descriptor '/home/yuan/Desktop/Apriltag_LaserLine_ROS2/install/AprilTag/share/AprilTag/hook/pythonscriptspath.dsv'
[1.662s] INFO:colcon.colcon_core.shell:Creating environment hook '/home/yuan/Desktop/Apriltag_LaserLine_ROS2/install/AprilTag/share/AprilTag/hook/pythonscriptspath.sh'
[1.662s] INFO:colcon.colcon_core.shell:Creating package script '/home/yuan/Desktop/Apriltag_LaserLine_ROS2/install/AprilTag/share/AprilTag/package.ps1'
[1.663s] INFO:colcon.colcon_core.shell:Creating package descriptor '/home/yuan/Desktop/Apriltag_LaserLine_ROS2/install/AprilTag/share/AprilTag/package.dsv'
[1.664s] INFO:colcon.colcon_core.shell:Creating package script '/home/yuan/Desktop/Apriltag_LaserLine_ROS2/install/AprilTag/share/AprilTag/package.sh'
[1.664s] INFO:colcon.colcon_core.shell:Creating package script '/home/yuan/Desktop/Apriltag_LaserLine_ROS2/install/AprilTag/share/AprilTag/package.bash'
[1.665s] INFO:colcon.colcon_core.shell:Creating package script '/home/yuan/Desktop/Apriltag_LaserLine_ROS2/install/AprilTag/share/AprilTag/package.zsh'
[1.666s] Level 1:colcon.colcon_core.environment:create_file_with_runtime_dependencies(/home/yuan/Desktop/Apriltag_LaserLine_ROS2/install/AprilTag/share/colcon-core/packages/AprilTag)
[1.733s] DEBUG:colcon.colcon_core.event_handler.log_command:Invoked command in '/home/yuan/Desktop/Apriltag_LaserLine_ROS2/build/Laser_Stop' returned '0': CMAKE_PREFIX_PATH=/opt/ros/humble /usr/bin/cmake /home/yuan/Desktop/Apriltag_LaserLine_ROS2/src/Laser_Stop -DCMAKE_INSTALL_PREFIX=/home/yuan/Desktop/Apriltag_LaserLine_ROS2/install/Laser_Stop
[1.735s] DEBUG:colcon.colcon_core.event_handler.log_command:Invoking command in '/home/yuan/Desktop/Apriltag_LaserLine_ROS2/build/Laser_Stop': CMAKE_PREFIX_PATH=/opt/ros/humble /usr/bin/cmake --build /home/yuan/Desktop/Apriltag_LaserLine_ROS2/build/Laser_Stop -- -j16 -l16
[9.514s] DEBUG:colcon.colcon_core.event_handler.log_command:Invoked command in '/home/yuan/Desktop/Apriltag_LaserLine_ROS2/build/Laser_Stop' returned '0': CMAKE_PREFIX_PATH=/opt/ros/humble /usr/bin/cmake --build /home/yuan/Desktop/Apriltag_LaserLine_ROS2/build/Laser_Stop -- -j16 -l16
[9.516s] DEBUG:colcon.colcon_core.event_handler.log_command:Invoking command in '/home/yuan/Desktop/Apriltag_LaserLine_ROS2/build/Laser_Stop': CMAKE_PREFIX_PATH=/opt/ros/humble /usr/bin/cmake --install /home/yuan/Desktop/Apriltag_LaserLine_ROS2/build/Laser_Stop
[9.532s] Level 1:colcon.colcon_core.environment:create_environment_scripts_only(Laser_Stop)
[9.533s] DEBUG:colcon.colcon_core.event_handler.log_command:Invoked command in '/home/yuan/Desktop/Apriltag_LaserLine_ROS2/build/Laser_Stop' returned '0': CMAKE_PREFIX_PATH=/opt/ros/humble /usr/bin/cmake --install /home/yuan/Desktop/Apriltag_LaserLine_ROS2/build/Laser_Stop
[9.533s] Level 1:colcon.colcon_core.environment:checking '/home/yuan/Desktop/Apriltag_LaserLine_ROS2/install/Laser_Stop' for CMake module files
[9.534s] Level 1:colcon.colcon_core.environment:checking '/home/yuan/Desktop/Apriltag_LaserLine_ROS2/install/Laser_Stop' for CMake config files
[9.534s] Level 1:colcon.colcon_core.shell:create_environment_hook('Laser_Stop', 'cmake_prefix_path')
[9.534s] INFO:colcon.colcon_core.shell:Creating environment hook '/home/yuan/Desktop/Apriltag_LaserLine_ROS2/install/Laser_Stop/share/Laser_Stop/hook/cmake_prefix_path.ps1'
[9.535s] INFO:colcon.colcon_core.shell:Creating environment descriptor '/home/yuan/Desktop/Apriltag_LaserLine_ROS2/install/Laser_Stop/share/Laser_Stop/hook/cmake_prefix_path.dsv'
[9.535s] INFO:colcon.colcon_core.shell:Creating environment hook '/home/yuan/Desktop/Apriltag_LaserLine_ROS2/install/Laser_Stop/share/Laser_Stop/hook/cmake_prefix_path.sh'
[9.535s] Level 1:colcon.colcon_core.environment:checking '/home/yuan/Desktop/Apriltag_LaserLine_ROS2/install/Laser_Stop/lib'
[9.535s] Level 1:colcon.colcon_core.environment:checking '/home/yuan/Desktop/Apriltag_LaserLine_ROS2/install/Laser_Stop/bin'
[9.535s] Level 1:colcon.colcon_core.environment:checking '/home/yuan/Desktop/Apriltag_LaserLine_ROS2/install/Laser_Stop/lib/pkgconfig/Laser_Stop.pc'
[9.536s] Level 1:colcon.colcon_core.environment:checking '/home/yuan/Desktop/Apriltag_LaserLine_ROS2/install/Laser_Stop/lib/python3.10/site-packages'
[9.536s] Level 1:colcon.colcon_core.environment:checking '/home/yuan/Desktop/Apriltag_LaserLine_ROS2/install/Laser_Stop/bin'
[9.536s] INFO:colcon.colcon_core.shell:Creating package script '/home/yuan/Desktop/Apriltag_LaserLine_ROS2/install/Laser_Stop/share/Laser_Stop/package.ps1'
[9.537s] INFO:colcon.colcon_core.shell:Creating package descriptor '/home/yuan/Desktop/Apriltag_LaserLine_ROS2/install/Laser_Stop/share/Laser_Stop/package.dsv'
[9.537s] INFO:colcon.colcon_core.shell:Creating package script '/home/yuan/Desktop/Apriltag_LaserLine_ROS2/install/Laser_Stop/share/Laser_Stop/package.sh'
[9.537s] INFO:colcon.colcon_core.shell:Creating package script '/home/yuan/Desktop/Apriltag_LaserLine_ROS2/install/Laser_Stop/share/Laser_Stop/package.bash'
[9.538s] INFO:colcon.colcon_core.shell:Creating package script '/home/yuan/Desktop/Apriltag_LaserLine_ROS2/install/Laser_Stop/share/Laser_Stop/package.zsh'
[9.538s] Level 1:colcon.colcon_core.environment:create_file_with_runtime_dependencies(/home/yuan/Desktop/Apriltag_LaserLine_ROS2/install/Laser_Stop/share/colcon-core/packages/Laser_Stop)
[9.538s] Level 1:colcon.colcon_core.environment:create_environment_scripts_only(Laser_Stop)
[9.539s] Level 1:colcon.colcon_core.environment:checking '/home/yuan/Desktop/Apriltag_LaserLine_ROS2/install/Laser_Stop' for CMake module files
[9.539s] Level 1:colcon.colcon_core.environment:checking '/home/yuan/Desktop/Apriltag_LaserLine_ROS2/install/Laser_Stop' for CMake config files
[9.539s] Level 1:colcon.colcon_core.shell:create_environment_hook('Laser_Stop', 'cmake_prefix_path')
[9.540s] INFO:colcon.colcon_core.shell:Creating environment hook '/home/yuan/Desktop/Apriltag_LaserLine_ROS2/install/Laser_Stop/share/Laser_Stop/hook/cmake_prefix_path.ps1'
[9.540s] INFO:colcon.colcon_core.shell:Creating environment descriptor '/home/yuan/Desktop/Apriltag_LaserLine_ROS2/install/Laser_Stop/share/Laser_Stop/hook/cmake_prefix_path.dsv'
[9.540s] INFO:colcon.colcon_core.shell:Creating environment hook '/home/yuan/Desktop/Apriltag_LaserLine_ROS2/install/Laser_Stop/share/Laser_Stop/hook/cmake_prefix_path.sh'
[9.541s] Level 1:colcon.colcon_core.environment:checking '/home/yuan/Desktop/Apriltag_LaserLine_ROS2/install/Laser_Stop/lib'
[9.541s] Level 1:colcon.colcon_core.environment:checking '/home/yuan/Desktop/Apriltag_LaserLine_ROS2/install/Laser_Stop/bin'
[9.541s] Level 1:colcon.colcon_core.environment:checking '/home/yuan/Desktop/Apriltag_LaserLine_ROS2/install/Laser_Stop/lib/pkgconfig/Laser_Stop.pc'
[9.541s] Level 1:colcon.colcon_core.environment:checking '/home/yuan/Desktop/Apriltag_LaserLine_ROS2/install/Laser_Stop/lib/python3.10/site-packages'
[9.541s] Level 1:colcon.colcon_core.environment:checking '/home/yuan/Desktop/Apriltag_LaserLine_ROS2/install/Laser_Stop/bin'
[9.542s] INFO:colcon.colcon_core.shell:Creating package script '/home/yuan/Desktop/Apriltag_LaserLine_ROS2/install/Laser_Stop/share/Laser_Stop/package.ps1'
[9.542s] INFO:colcon.colcon_core.shell:Creating package descriptor '/home/yuan/Desktop/Apriltag_LaserLine_ROS2/install/Laser_Stop/share/Laser_Stop/package.dsv'
[9.543s] INFO:colcon.colcon_core.shell:Creating package script '/home/yuan/Desktop/Apriltag_LaserLine_ROS2/install/Laser_Stop/share/Laser_Stop/package.sh'
[9.543s] INFO:colcon.colcon_core.shell:Creating package script '/home/yuan/Desktop/Apriltag_LaserLine_ROS2/install/Laser_Stop/share/Laser_Stop/package.bash'
[9.544s] INFO:colcon.colcon_core.shell:Creating package script '/home/yuan/Desktop/Apriltag_LaserLine_ROS2/install/Laser_Stop/share/Laser_Stop/package.zsh'
[9.544s] Level 1:colcon.colcon_core.environment:create_file_with_runtime_dependencies(/home/yuan/Desktop/Apriltag_LaserLine_ROS2/install/Laser_Stop/share/colcon-core/packages/Laser_Stop)
[9.544s] DEBUG:colcon.colcon_parallel_executor.executor.parallel:closing loop
[9.545s] DEBUG:colcon.colcon_parallel_executor.executor.parallel:loop closed
[9.545s] DEBUG:colcon.colcon_parallel_executor.executor.parallel:run_until_complete finished with '0'
[9.545s] DEBUG:colcon.colcon_core.event_reactor:joining thread
[9.550s] INFO:colcon.colcon_core.plugin_system:Skipping extension 'colcon_notification.desktop_notification.terminal_notifier': Not used on non-Darwin systems
[9.550s] INFO:colcon.colcon_core.plugin_system:Skipping extension 'colcon_notification.desktop_notification.win32': Not used on non-Windows systems
[9.550s] INFO:colcon.colcon_notification.desktop_notification:Sending desktop notification using 'notify2'
[9.564s] DEBUG:colcon.colcon_core.event_reactor:joined thread
[9.565s] INFO:colcon.colcon_core.shell:Creating prefix script '/home/yuan/Desktop/Apriltag_LaserLine_ROS2/install/local_setup.ps1'
[9.566s] INFO:colcon.colcon_core.shell:Creating prefix util module '/home/yuan/Desktop/Apriltag_LaserLine_ROS2/install/_local_setup_util_ps1.py'
[9.567s] INFO:colcon.colcon_core.shell:Creating prefix chain script '/home/yuan/Desktop/Apriltag_LaserLine_ROS2/install/setup.ps1'
[9.569s] INFO:colcon.colcon_core.shell:Creating prefix script '/home/yuan/Desktop/Apriltag_LaserLine_ROS2/install/local_setup.sh'
[9.569s] INFO:colcon.colcon_core.shell:Creating prefix util module '/home/yuan/Desktop/Apriltag_LaserLine_ROS2/install/_local_setup_util_sh.py'
[9.569s] INFO:colcon.colcon_core.shell:Creating prefix chain script '/home/yuan/Desktop/Apriltag_LaserLine_ROS2/install/setup.sh'
[9.570s] INFO:colcon.colcon_core.shell:Creating prefix script '/home/yuan/Desktop/Apriltag_LaserLine_ROS2/install/local_setup.bash'
[9.571s] INFO:colcon.colcon_core.shell:Creating prefix chain script '/home/yuan/Desktop/Apriltag_LaserLine_ROS2/install/setup.bash'
[9.572s] INFO:colcon.colcon_core.shell:Creating prefix script '/home/yuan/Desktop/Apriltag_LaserLine_ROS2/install/local_setup.zsh'
[9.572s] INFO:colcon.colcon_core.shell:Creating prefix chain script '/home/yuan/Desktop/Apriltag_LaserLine_ROS2/install/setup.zsh'
